<?xml version="1.0" encoding="utf-8"?>
<LinearLayout xmlns:android="http://schemas.android.com/apk/res/android"
    android:orientation="vertical" android:layout_width="match_parent"
android:background="@color/black"
    android:layout_height="match_parent">
    <TextView
        android:layout_width="match_parent"
        android:layout_height="30dp"
        android:text="Predictor"
        android:textSize="20dp"
        android:layout_marginLeft="10dp"
        android:layout_marginTop="20dp"
        android:textStyle="bold"
        android:textColor="@color/white"
       />
    <FrameLayout
        android:layout_width="match_parent"
        android:layout_height="200dp"
        android:layout_marginBottom="110dp">

        <ProgressBar
            style="?android:attr/progressBarStyleHorizontal"
            android:layout_width="match_parent"
            android:layout_height="match_parent"
            android:indeterminate="false"
            android:max="100"
            android:progress="100"
            android:progressDrawable="@drawable/circle_progress_background"
            android:rotation="-90" />

        <ProgressBar
            android:id="@+id/circle_progress_bar"
            style="?android:attr/progressBarStyleHorizontal"
            android:layout_width="match_parent"
            android:layout_height="match_parent"
            android:indeterminate="false"
            android:max="100"
            android:progressDrawable="@drawable/circle_progress_foreground"
            android:rotation="-90" />
    </FrameLayout>
    <TextView
        android:layout_width="fill_parent"
        android:layout_height="30dp"
        android:text="ikdkdk"
        android:layout_marginLeft="10dp"
        android:textStyle="bold"
        android:textSize="15dp"
        android:id="@+id/result"
        android:textColor="@color/white"/>

</LinearLayout>